#
# There is insufficient memory for the Java Runtime Environment to continue.
# Native memory allocation (malloc) failed to allocate 1048576 bytes for AllocateHeap
# Possible reasons:
#   The system is out of physical RAM or swap space
#   In 32 bit mode, the process size limit was hit
# Possible solutions:
#   Reduce memory load on the system
#   Increase physical memory or swap space
#   Check if swap backing store is full
#   Use 64 bit Java on a 64 bit OS
#   Decrease Java heap size (-Xmx/-Xms)
#   Decrease number of Java threads
#   Decrease Java thread stack sizes (-Xss)
#   Set larger code cache with -XX:ReservedCodeCacheSize=
# This output file may be truncated or incomplete.
#
#  Out of Memory Error (memory/allocation.inline.hpp:61), pid=19216, tid=0x0000000000003b64
#
# JRE version:  (8.0_191-b12) (build )
# Java VM: Java HotSpot(TM) 64-Bit Server VM (25.191-b12 mixed mode windows-amd64 compressed oops)
# Failed to write core dump. Minidumps are not enabled by default on client versions of Windows
#

---------------  T H R E A D  ---------------

Current thread (0x00000000023ce800):  JavaThread "Unknown thread" [_thread_in_vm, id=15204, stack(0x0000000002410000,0x0000000002510000)]

Stack: [0x0000000002410000,0x0000000002510000]
[error occurred during error reporting (printing stack bounds), id 0xc0000005]

Native frames: (J=compiled Java code, j=interpreted, Vv=VM code, C=native code)


---------------  P R O C E S S  ---------------

Java Threads: ( => current thread )

Other Threads:

=>0x00000000023ce800 (exited) JavaThread "Unknown thread" [_thread_in_vm, id=15204, stack(0x0000000002410000,0x0000000002510000)]

VM state:not at safepoint (normal execution)

VM Mutex/Monitor currently owned by a thread: None

Heap:
 PSYoungGen      total 37888K, used 655K [0x00000000d6800000, 0x00000000d9200000, 0x0000000100000000)
  eden space 32768K, 2% used [0x00000000d6800000,0x00000000d68a3d80,0x00000000d8800000)
  from space 5120K, 0% used [0x00000000d8d00000,0x00000000d8d00000,0x00000000d9200000)
  to   space 5120K, 0% used [0x00000000d8800000,0x00000000d8800000,0x00000000d8d00000)
 ParOldGen       total 86016K, used 0K [0x0000000083800000, 0x0000000088c00000, 0x00000000d6800000)
  object space 86016K, 0% used [0x0000000083800000,0x0000000083800000,0x0000000088c00000)
 Metaspace       used 775K, capacity 4480K, committed 4480K, reserved 1056768K
  class space    used 76K, capacity 384K, committed 384K, reserved 1048576K

Card table byte_map: [0x00000000119d0000,0x0000000011dc0000] byte_map_base: 0x00000000115b4000

Marking Bits: (ParMarkBitMap*) 0x0000000068c53e30
 Begin Bits: [0x0000000012860000, 0x0000000014780000)
 End Bits:   [0x0000000014780000, 0x00000000166a0000)

Polling page: 0x0000000002320000

CodeCache: size=245760Kb used=328Kb max_used=328Kb free=245431Kb
 bounds [0x0000000002610000, 0x0000000002880000, 0x0000000011610000]
 total_blobs=58 nmethods=0 adapters=38
 compilation: enabled

Compilation events (0 events):
No events

GC Heap History (0 events):
No events

Deoptimization events (0 events):
No events

Classes redefined (0 events):
No events

Internal exceptions (0 events):
No events

Events (10 events):
Event: 0.035 loading class java/lang/Short
Event: 0.035 loading class java/lang/Short done
Event: 0.035 loading class java/lang/Integer
Event: 0.036 loading class java/lang/Integer done
Event: 0.036 loading class java/lang/Long
Event: 0.036 loading class java/lang/Long done
Event: 0.037 loading class java/lang/NullPointerException
Event: 0.037 loading class java/lang/NullPointerException done
Event: 0.037 loading class java/lang/ArithmeticException
Event: 0.037 loading class java/lang/ArithmeticException done


Dynamic libraries:
0x00007ff66d810000 - 0x00007ff66d847000 	C:\Program Files\Java\jdk1.8.0_191\bin\java.exe
0x00007ffb46070000 - 0x00007ffb46268000 	C:\Windows\SYSTEM32\ntdll.dll
0x00007ffb45160000 - 0x00007ffb4521f000 	C:\Windows\System32\KERNEL32.DLL
0x00007ffb43920000 - 0x00007ffb43bfa000 	C:\Windows\System32\KERNELBASE.dll
0x00007ffb45f80000 - 0x00007ffb4602e000 	C:\Windows\System32\ADVAPI32.dll
0x00007ffb441d0000 - 0x00007ffb4426e000 	C:\Windows\System32\msvcrt.dll
0x00007ffb442e0000 - 0x00007ffb4437c000 	C:\Windows\System32\sechost.dll
0x00007ffb45220000 - 0x00007ffb45346000 	C:\Windows\System32\RPCRT4.dll
0x00007ffb44750000 - 0x00007ffb448ed000 	C:\Windows\System32\USER32.dll
0x00007ffb43c00000 - 0x00007ffb43c22000 	C:\Windows\System32\win32u.dll
0x00007ffb44fd0000 - 0x00007ffb44ffb000 	C:\Windows\System32\GDI32.dll
0x00007ffb43d30000 - 0x00007ffb43e40000 	C:\Windows\System32\gdi32full.dll
0x00007ffb43780000 - 0x00007ffb4381d000 	C:\Windows\System32\msvcp_win.dll
0x00007ffb43820000 - 0x00007ffb43920000 	C:\Windows\System32\ucrtbase.dll
0x00007ffb0ed00000 - 0x00007ffb0ef9a000 	C:\Windows\WinSxS\amd64_microsoft.windows.common-controls_6595b64144ccf1df_6.0.19041.1110_none_60b5254171f9507e\COMCTL32.dll
0x00007ffb45130000 - 0x00007ffb45160000 	C:\Windows\System32\IMM32.DLL
0x0000000068350000 - 0x0000000068422000 	C:\Program Files\Java\jdk1.8.0_191\jre\bin\msvcr100.dll
0x0000000068430000 - 0x0000000068cd4000 	C:\Program Files\Java\jdk1.8.0_191\jre\bin\server\jvm.dll
0x00007ffb442d0000 - 0x00007ffb442d8000 	C:\Windows\System32\PSAPI.DLL
0x00007ffaff490000 - 0x00007ffaff499000 	C:\Windows\SYSTEM32\WSOCK32.dll
0x00007ffb398c0000 - 0x00007ffb398ca000 	C:\Windows\SYSTEM32\VERSION.dll
0x00007ffb446e0000 - 0x00007ffb4474b000 	C:\Windows\System32\WS2_32.dll
0x00007ffb40c40000 - 0x00007ffb40c67000 	C:\Windows\SYSTEM32\WINMM.dll
0x0000000070500000 - 0x000000007050f000 	C:\Program Files\Java\jdk1.8.0_191\jre\bin\verify.dll
0x00000000682e0000 - 0x0000000068309000 	C:\Program Files\Java\jdk1.8.0_191\jre\bin\java.dll
0x00000000682c0000 - 0x00000000682d6000 	C:\Program Files\Java\jdk1.8.0_191\jre\bin\zip.dll

VM Arguments:
jvm_args: -Dfile.encoding=UTF-8 
java_command: bank.Bank
java_class_path (initial): D:\Documentos\NetBeansProjects\Bank\build\classes
Launcher Type: SUN_STANDARD

Environment Variables:
PATH=C:\Program Files (x86)\Common Files\Oracle\Java\javapath;C:\Windows\system32;C:\Windows;C:\Windows\System32\Wbem;C:\Windows\System32\WindowsPowerShell\v1.0\;C:\Windows\System32\OpenSSH\;C:\Program Files\Microsoft SQL Server\Client SDK\ODBC\170\Tools\Binn\;C:\Program Files (x86)\Microsoft SQL Server\150\Tools\Binn\;C:\Program Files\Microsoft SQL Server\150\Tools\Binn\;C:\Program Files\Microsoft SQL Server\150\DTS\Binn\;C:\Program Files\dotnet\;C:\Program Files\Microsoft SQL Server\130\Tools\Binn\;C:\MinGW\bin;C:\Program Files (x86)\Microsoft SQL Server\160\DTS\Binn\;C:\Program Files\Azure Data Studio\bin;C:\Program Files (x86)\Microsoft SQL Server\150\DTS\Binn\;C:\Users\patamayo\AppData\Local\Microsoft\WindowsApps;C:\Users\patamayo\AppData\Local\Programs\Microsoft VS Code\bin;C:\Users\patamayo\.dotnet\tools
USERNAME=patamayo
OS=Windows_NT
PROCESSOR_IDENTIFIER=Intel64 Family 6 Model 142 Stepping 12, GenuineIntel



---------------  S Y S T E M  ---------------

OS: Windows 10.0 , 64 bit Build 19041 (10.0.19041.2788)

CPU:total 8 (initial active 8) (4 cores per cpu, 2 threads per core) family 6 model 142 stepping 12, cmov, cx8, fxsr, mmx, sse, sse2, sse3, ssse3, sse4.1, sse4.2, popcnt, avx, avx2, aes, clmul, erms, 3dnowpref, lzcnt, ht, tsc, tscinvbit, bmi1, bmi2, adx

Memory: 4k page, physical 8151576k(633948k free), swap 28922240k(4320k free)

vm_info: Java HotSpot(TM) 64-Bit Server VM (25.191-b12) for windows-amd64 JRE (1.8.0_191-b12), built on Oct  6 2018 09:29:03 by "java_re" with MS VC++ 10.0 (VS2010)

time: Wed Aug 21 09:53:36 2024
elapsed time: 0 seconds (0d 0h 0m 0s)

